#
# There is insufficient memory for the Java Runtime Environment to continue.
# Native memory allocation (malloc) failed to allocate 370960 bytes for Chunk::new
# Possible reasons:
#   The system is out of physical RAM or swap space
#   The process is running with CompressedOops enabled, and the Java Heap may be blocking the growth of the native heap
# Possible solutions:
#   Reduce memory load on the system
#   Increase physical memory or swap space
#   Check if swap backing store is full
#   Decrease Java heap size (-Xmx/-Xms)
#   Decrease number of Java threads
#   Decrease Java thread stack sizes (-Xss)
#   Set larger code cache with -XX:ReservedCodeCacheSize=
#   JVM is running with Unscaled Compressed Oops mode in which the Java heap is
#     placed in the first 4GB address space. The Java Heap base address is the
#     maximum limit for the native heap growth. Please use -XX:HeapBaseMinAddress
#     to set the Java Heap base and to place the Java Heap above 4GB virtual address.
# This output file may be truncated or incomplete.
#
#  Out of Memory Error (allocation.cpp:389), pid=21452, tid=0x0000000000004b3c
#
# JRE version: OpenJDK Runtime Environment (8.0_242-b01) (build 1.8.0_242-release-1644-b01)
# Java VM: OpenJDK 64-Bit Server VM (25.242-b01 mixed mode windows-amd64 compressed oops)
# Failed to write core dump. Minidumps are not enabled by default on client versions of Windows
#

---------------  T H R E A D  ---------------

Current thread (0x00000000179b6800):  JavaThread "C2 CompilerThread2" daemon [_thread_in_native, id=19260, stack(0x00000000184a0000,0x00000000185a0000)]

Stack: [0x00000000184a0000,0x00000000185a0000]
[error occurred during error reporting (printing stack bounds), id 0xc0000005]

Native frames: (J=compiled Java code, j=interpreted, Vv=VM code, C=native code)


Current CompileTask:
C2:   2001 1457   !   4       java.lang.ClassLoader::loadClass (122 bytes)


---------------  P R O C E S S  ---------------

Java Threads: ( => current thread )
  0x0000000019d76000 JavaThread "Thread-9" [_thread_blocked, id=24096, stack(0x000000001c4c0000,0x000000001c5c0000)]
  0x000000001a62a000 JavaThread "Stdin handler" [_thread_blocked, id=14536, stack(0x000000001c3c0000,0x000000001c4c0000)]
  0x000000001a629800 JavaThread "Asynchronous log dispatcher for DefaultDaemonConnection: socket connection from /127.0.0.1:14677 to /127.0.0.1:14678" [_thread_blocked, id=19132, stack(0x000000001c2c0000,0x000000001c3c0000)]
  0x000000001a633800 JavaThread "Daemon worker" [_thread_in_Java, id=7564, stack(0x000000001c1c0000,0x000000001c2c0000)]
  0x000000001a20c000 JavaThread "Cancel handler" [_thread_blocked, id=1804, stack(0x000000001bfc0000,0x000000001c0c0000)]
  0x0000000019559800 JavaThread "Handler for socket connection from /127.0.0.1:14677 to /127.0.0.1:14678" [_thread_in_native, id=13484, stack(0x000000001bec0000,0x000000001bfc0000)]
  0x000000001a3df800 JavaThread "Daemon" [_thread_blocked, id=24080, stack(0x000000001bdc0000,0x000000001bec0000)]
  0x000000001953b000 JavaThread "Daemon periodic checks" [_thread_blocked, id=19464, stack(0x000000001bac0000,0x000000001bbc0000)]
  0x0000000019539000 JavaThread "Incoming local TCP Connector on port 14677" [_thread_in_native, id=22984, stack(0x000000001b880000,0x000000001b980000)]
  0x00000000189ae800 JavaThread "Daemon health stats" [_thread_blocked, id=1808, stack(0x000000001b240000,0x000000001b340000)]
  0x0000000017a8e800 JavaThread "Service Thread" daemon [_thread_blocked, id=8292, stack(0x00000000186a0000,0x00000000187a0000)]
  0x0000000017a02000 JavaThread "C1 CompilerThread3" daemon [_thread_blocked, id=22808, stack(0x00000000185a0000,0x00000000186a0000)]
=>0x00000000179b6800 JavaThread "C2 CompilerThread2" daemon [_thread_in_native, id=19260, stack(0x00000000184a0000,0x00000000185a0000)]
  0x00000000179b5800 JavaThread "C2 CompilerThread1" daemon [_thread_blocked, id=19968, stack(0x00000000183a0000,0x00000000184a0000)]
  0x00000000179b0800 JavaThread "C2 CompilerThread0" daemon [_thread_in_native, id=15268, stack(0x00000000182a0000,0x00000000183a0000)]
  0x00000000179af000 JavaThread "Attach Listener" daemon [_thread_blocked, id=3596, stack(0x00000000181a0000,0x00000000182a0000)]
  0x00000000179fe800 JavaThread "Signal Dispatcher" daemon [_thread_blocked, id=23640, stack(0x00000000180a0000,0x00000000181a0000)]
  0x0000000003059000 JavaThread "Finalizer" daemon [_thread_blocked, id=20360, stack(0x0000000017e80000,0x0000000017f80000)]
  0x0000000015b9c800 JavaThread "Reference Handler" daemon [_thread_blocked, id=24532, stack(0x0000000017d80000,0x0000000017e80000)]
  0x0000000002f62800 JavaThread "main" [_thread_blocked, id=14792, stack(0x0000000002e60000,0x0000000002f60000)]

Other Threads:
  0x0000000015b98000 VMThread [stack: 0x0000000017880000,0x0000000017980000] [id=24536]
  0x0000000017a8f800 WatcherThread [stack: 0x00000000187a0000,0x00000000188a0000] [id=18948]

VM state:not at safepoint (normal execution)

VM Mutex/Monitor currently owned by a thread: None

heap address: 0x00000000c0000000, size: 1024 MB, Compressed Oops mode: 32-bit
Narrow klass base: 0x0000000000000000, Narrow klass shift: 3
Compressed class space size: 1073741824 Address: 0x0000000100000000

Heap:
 PSYoungGen      total 71680K, used 56733K [0x00000000eab00000, 0x00000000ef600000, 0x0000000100000000)
  eden space 66560K, 80% used [0x00000000eab00000,0x00000000edf43098,0x00000000eec00000)
  from space 5120K, 62% used [0x00000000ef100000,0x00000000ef4245f8,0x00000000ef600000)
  to   space 5120K, 0% used [0x00000000eec00000,0x00000000eec00000,0x00000000ef100000)
 ParOldGen       total 87552K, used 24K [0x00000000c0000000, 0x00000000c5580000, 0x00000000eab00000)
  object space 87552K, 0% used [0x00000000c0000000,0x00000000c0006000,0x00000000c5580000)
 Metaspace       used 12952K, capacity 13308K, committed 13440K, reserved 1060864K
  class space    used 1771K, capacity 1882K, committed 1920K, reserved 1048576K

Card table byte_map: [0x0000000012420000,0x0000000012630000] byte_map_base: 0x0000000011e20000

Marking Bits: (ParMarkBitMap*) 0x000000006a71f030
 Begin Bits: [0x0000000012f90000, 0x0000000013f90000)
 End Bits:   [0x0000000013f90000, 0x0000000014f90000)

Polling page: 0x0000000002dc0000

CodeCache: size=245760Kb used=5179Kb max_used=5206Kb free=240580Kb
 bounds [0x0000000003060000, 0x0000000003580000, 0x0000000012060000]
 total_blobs=1847 nmethods=1471 adapters=289
 compilation: enabled

Compilation events (10 events):
Event: 1.975 Thread 0x0000000017a02000 1472       3       java.util.LinkedList::listIterator (15 bytes)
Event: 1.976 Thread 0x0000000017a02000 nmethod 1472 0x0000000003569050 code [0x0000000003569200, 0x0000000003569688]
Event: 1.976 Thread 0x0000000017a02000 1473       3       java.util.LinkedList$ListItr::<init> (47 bytes)
Event: 1.976 Thread 0x0000000017a02000 nmethod 1473 0x0000000003569850 code [0x00000000035699c0, 0x0000000003569c88]
Event: 1.984 Thread 0x00000000179b0800 1474   !   4       sun.misc.URLClassPath$JarLoader::getResource (353 bytes)
Event: 1.987 Thread 0x0000000017a02000 1475       3       java.util.AbstractSequentialList::iterator (5 bytes)
Event: 1.987 Thread 0x0000000017a02000 nmethod 1475 0x0000000003569d90 code [0x0000000003569f00, 0x000000000356a1e8]
Event: 1.989 Thread 0x0000000017a02000 1476       3       sun.misc.ProxyGenerator$ConstantPool::getNameAndType (30 bytes)
Event: 1.990 Thread 0x0000000017a02000 nmethod 1476 0x000000000356b7d0 code [0x000000000356b9c0, 0x000000000356c0a8]
Event: 1.997 Thread 0x00000000179b5800 nmethod 1443 0x0000000003571e10 code [0x00000000035720c0, 0x0000000003576290]

GC Heap History (4 events):
Event: 0.564 GC heap before
{Heap before GC invocations=1 (full 0):
 PSYoungGen      total 38400K, used 33280K [0x00000000eab00000, 0x00000000ed580000, 0x0000000100000000)
  eden space 33280K, 100% used [0x00000000eab00000,0x00000000ecb80000,0x00000000ecb80000)
  from space 5120K, 0% used [0x00000000ed080000,0x00000000ed080000,0x00000000ed580000)
  to   space 5120K, 0% used [0x00000000ecb80000,0x00000000ecb80000,0x00000000ed080000)
 ParOldGen       total 87552K, used 0K [0x00000000c0000000, 0x00000000c5580000, 0x00000000eab00000)
  object space 87552K, 0% used [0x00000000c0000000,0x00000000c0000000,0x00000000c5580000)
 Metaspace       used 7280K, capacity 7550K, committed 7680K, reserved 1056768K
  class space    used 896K, capacity 1005K, committed 1024K, reserved 1048576K
Event: 0.570 GC heap after
Heap after GC invocations=1 (full 0):
 PSYoungGen      total 38400K, used 4523K [0x00000000eab00000, 0x00000000ef600000, 0x0000000100000000)
  eden space 33280K, 0% used [0x00000000eab00000,0x00000000eab00000,0x00000000ecb80000)
  from space 5120K, 88% used [0x00000000ecb80000,0x00000000ecfeaf68,0x00000000ed080000)
  to   space 5120K, 0% used [0x00000000ef100000,0x00000000ef100000,0x00000000ef600000)
 ParOldGen       total 87552K, used 16K [0x00000000c0000000, 0x00000000c5580000, 0x00000000eab00000)
  object space 87552K, 0% used [0x00000000c0000000,0x00000000c0004000,0x00000000c5580000)
 Metaspace       used 7280K, capacity 7550K, committed 7680K, reserved 1056768K
  class space    used 896K, capacity 1005K, committed 1024K, reserved 1048576K
}
Event: 0.801 GC heap before
{Heap before GC invocations=2 (full 0):
 PSYoungGen      total 38400K, used 37803K [0x00000000eab00000, 0x00000000ef600000, 0x0000000100000000)
  eden space 33280K, 100% used [0x00000000eab00000,0x00000000ecb80000,0x00000000ecb80000)
  from space 5120K, 88% used [0x00000000ecb80000,0x00000000ecfeaf68,0x00000000ed080000)
  to   space 5120K, 0% used [0x00000000ef100000,0x00000000ef100000,0x00000000ef600000)
 ParOldGen       total 87552K, used 16K [0x00000000c0000000, 0x00000000c5580000, 0x00000000eab00000)
  object space 87552K, 0% used [0x00000000c0000000,0x00000000c0004000,0x00000000c5580000)
 Metaspace       used 7456K, capacity 7742K, committed 7936K, reserved 1056768K
  class space    used 904K, capacity 1005K, committed 1024K, reserved 1048576K
Event: 0.804 GC heap after
Heap after GC invocations=2 (full 0):
 PSYoungGen      total 71680K, used 3217K [0x00000000eab00000, 0x00000000ef600000, 0x0000000100000000)
  eden space 66560K, 0% used [0x00000000eab00000,0x00000000eab00000,0x00000000eec00000)
  from space 5120K, 62% used [0x00000000ef100000,0x00000000ef4245f8,0x00000000ef600000)
  to   space 5120K, 0% used [0x00000000eec00000,0x00000000eec00000,0x00000000ef100000)
 ParOldGen       total 87552K, used 24K [0x00000000c0000000, 0x00000000c5580000, 0x00000000eab00000)
  object space 87552K, 0% used [0x00000000c0000000,0x00000000c0006000,0x00000000c5580000)
 Metaspace       used 7456K, capacity 7742K, committed 7936K, reserved 1056768K
  class space    used 904K, capacity 1005K, committed 1024K, reserved 1048576K
}

Deoptimization events (10 events):
Event: 0.387 Thread 0x0000000002f62800 Uncommon trap: reason=unstable_if action=reinterpret pc=0x0000000003299058 method=java.lang.String.indexOf([CII[CIII)I @ 3
Event: 0.654 Thread 0x0000000002f62800 Uncommon trap: reason=unstable_if action=reinterpret pc=0x00000000032bdef4 method=java.lang.String.lastIndexOf([CII[CIII)I @ 66
Event: 0.769 Thread 0x0000000002f62800 Uncommon trap: reason=null_assert action=make_not_entrant pc=0x0000000003356e80 method=java.util.zip.ZipEntry.<init>(Ljava/util/zip/ZipEntry;)V @ 70
Event: 0.905 Thread 0x0000000002f62800 Uncommon trap: reason=class_check action=maybe_recompile pc=0x00000000033a0f98 method=java.util.regex.Matcher.match(II)Z @ 86
Event: 1.406 Thread 0x0000000002f62800 Uncommon trap: reason=unstable_if action=reinterpret pc=0x00000000033ac35c method=java.io.WinNTFileSystem.normalize(Ljava/lang/String;)Ljava/lang/String; @ 128
Event: 1.801 Thread 0x0000000019559800 Uncommon trap: reason=unstable_if action=reinterpret pc=0x000000000349b8a8 method=java.util.concurrent.ConcurrentHashMap.putVal(Ljava/lang/Object;Ljava/lang/Object;Z)Ljava/lang/Object; @ 206
Event: 1.850 Thread 0x000000001a633800 Uncommon trap: reason=bimorphic action=maybe_recompile pc=0x0000000003345a0c method=java.util.HashMap.putVal(ILjava/lang/Object;Ljava/lang/Object;ZZ)Ljava/lang/Object; @ 253
Event: 1.850 Thread 0x000000001a633800 Uncommon trap: reason=bimorphic action=maybe_recompile pc=0x0000000003345a0c method=java.util.HashMap.putVal(ILjava/lang/Object;Ljava/lang/Object;ZZ)Ljava/lang/Object; @ 253
Event: 1.850 Thread 0x000000001a633800 Uncommon trap: reason=bimorphic action=maybe_recompile pc=0x0000000003345a0c method=java.util.HashMap.putVal(ILjava/lang/Object;Ljava/lang/Object;ZZ)Ljava/lang/Object; @ 253
Event: 1.850 Thread 0x000000001a633800 Uncommon trap: reason=bimorphic action=maybe_recompile pc=0x0000000003345a0c method=java.util.HashMap.putVal(ILjava/lang/Object;Ljava/lang/Object;ZZ)Ljava/lang/Object; @ 253

Classes redefined (0 events):
No events

Internal exceptions (10 events):
Event: 0.421 Thread 0x0000000002f62800 Exception <a 'java/lang/ArrayIndexOutOfBoundsException'> (0x00000000ec1df480) thrown at [C:\src\AOSP-openjdk-git\hotspot\src\share\vm\runtime\sharedRuntime.cpp, line 605]
Event: 0.421 Thread 0x0000000002f62800 Exception <a 'java/lang/ArrayIndexOutOfBoundsException'> (0x00000000ec1f0728) thrown at [C:\src\AOSP-openjdk-git\hotspot\src\share\vm\runtime\sharedRuntime.cpp, line 605]
Event: 1.725 Thread 0x0000000002f62800 Exception <a 'java/io/IOException'> (0x00000000ecc7faf0) thrown at [C:\src\AOSP-openjdk-git\hotspot\src\share\vm\prims\jni.cpp, line 710]
Event: 1.803 Thread 0x0000000019559800 Exception <a 'java/lang/NoSuchMethodError': <clinit>> (0x00000000ecf1fd60) thrown at [C:\src\AOSP-openjdk-git\hotspot\src\share\vm\prims\jni.cpp, line 1615]
Event: 1.804 Thread 0x0000000019559800 Exception <a 'java/lang/NoSuchMethodError': <clinit>> (0x00000000ecf29468) thrown at [C:\src\AOSP-openjdk-git\hotspot\src\share\vm\prims\jni.cpp, line 1615]
Event: 1.805 Thread 0x0000000019559800 Exception <a 'java/lang/NoSuchMethodError': <clinit>> (0x00000000ecf3db98) thrown at [C:\src\AOSP-openjdk-git\hotspot\src\share\vm\prims\jni.cpp, line 1615]
Event: 1.814 Thread 0x0000000019559800 Exception <a 'java/lang/NoSuchMethodError': <clinit>> (0x00000000ecfab040) thrown at [C:\src\AOSP-openjdk-git\hotspot\src\share\vm\prims\jni.cpp, line 1615]
Event: 1.820 Thread 0x0000000019559800 Exception <a 'java/lang/NoSuchMethodError': <clinit>> (0x00000000ecfe5970) thrown at [C:\src\AOSP-openjdk-git\hotspot\src\share\vm\prims\jni.cpp, line 1615]
Event: 1.825 Thread 0x0000000019559800 Exception <a 'java/lang/NoSuchMethodError': <clinit>> (0x00000000ed01b8a8) thrown at [C:\src\AOSP-openjdk-git\hotspot\src\share\vm\prims\jni.cpp, line 1615]
Event: 1.826 Thread 0x0000000019559800 Exception <a 'java/lang/NoSuchMethodError': <clinit>> (0x00000000ed027dd8) thrown at [C:\src\AOSP-openjdk-git\hotspot\src\share\vm\prims\jni.cpp, line 1615]

Events (10 events):
Event: 1.997 loading class org/gradle/api/plugins/ExtensionAware
Event: 1.997 loading class org/gradle/api/plugins/ExtensionAware done
Event: 1.998 loading class org/gradle/tooling/internal/protocol/events/InternalOperationStartedProgressEvent
Event: 1.998 loading class org/gradle/tooling/internal/protocol/events/InternalOperationStartedProgressEvent done
Event: 1.998 loading class org/gradle/internal/build/event/types/AbstractTestResult
Event: 1.998 loading class org/gradle/internal/build/event/types/AbstractTestResult done
Event: 1.999 loading class org/gradle/tooling/internal/protocol/events/InternalTestResult
Event: 1.999 loading class org/gradle/tooling/internal/protocol/events/InternalTestResult done
Event: 1.999 loading class org/gradle/internal/build/event/types/DefaultTestSuccessResult
Event: 1.999 loading class org/gradle/internal/build/event/types/DefaultTestSuccessResult done


Dynamic libraries:
0x00007ff632090000 - 0x00007ff6320c1000 	C:\Program Files\Android\Android Studio\jre\bin\java.exe
0x00007ff885cf0000 - 0x00007ff885ee5000 	C:\WINDOWS\SYSTEM32\ntdll.dll
0x00007ff885730000 - 0x00007ff8857ee000 	C:\WINDOWS\System32\KERNEL32.DLL
0x00007ff883440000 - 0x00007ff883708000 	C:\WINDOWS\System32\KERNELBASE.dll
0x00007ff884020000 - 0x00007ff8840cc000 	C:\WINDOWS\System32\ADVAPI32.dll
0x00007ff885180000 - 0x00007ff88521e000 	C:\WINDOWS\System32\msvcrt.dll
0x00007ff8857f0000 - 0x00007ff88588b000 	C:\WINDOWS\System32\sechost.dll
0x00007ff885a40000 - 0x00007ff885b6a000 	C:\WINDOWS\System32\RPCRT4.dll
0x00007ff884260000 - 0x00007ff884401000 	C:\WINDOWS\System32\USER32.dll
0x00007ff883410000 - 0x00007ff883432000 	C:\WINDOWS\System32\win32u.dll
0x00007ff884bb0000 - 0x00007ff884bdb000 	C:\WINDOWS\System32\GDI32.dll
0x00007ff883980000 - 0x00007ff883a8b000 	C:\WINDOWS\System32\gdi32full.dll
0x00007ff883a90000 - 0x00007ff883b2d000 	C:\WINDOWS\System32\msvcp_win.dll
0x00007ff883880000 - 0x00007ff883980000 	C:\WINDOWS\System32\ucrtbase.dll
0x00007ff869150000 - 0x00007ff8693ea000 	C:\WINDOWS\WinSxS\amd64_microsoft.windows.common-controls_6595b64144ccf1df_6.0.19041.1110_none_60b5254171f9507e\COMCTL32.dll
0x00007ff885150000 - 0x00007ff885180000 	C:\WINDOWS\System32\IMM32.DLL
0x0000000065c30000 - 0x0000000065d02000 	C:\Program Files\Android\Android Studio\jre\jre\bin\msvcr100.dll
0x0000000069f50000 - 0x000000006a79b000 	C:\Program Files\Android\Android Studio\jre\jre\bin\server\jvm.dll
0x00007ff883d40000 - 0x00007ff883d48000 	C:\WINDOWS\System32\PSAPI.DLL
0x00007ff868c40000 - 0x00007ff868c49000 	C:\WINDOWS\SYSTEM32\WSOCK32.dll
0x00007ff8850e0000 - 0x00007ff88514b000 	C:\WINDOWS\System32\WS2_32.dll
0x00007ff87a200000 - 0x00007ff87a20a000 	C:\WINDOWS\SYSTEM32\VERSION.dll
0x00007ff86a870000 - 0x00007ff86a897000 	C:\WINDOWS\SYSTEM32\WINMM.dll
0x00007ff87ec70000 - 0x00007ff87ec7f000 	C:\Program Files\Android\Android Studio\jre\jre\bin\verify.dll
0x00007ff878be0000 - 0x00007ff878c09000 	C:\Program Files\Android\Android Studio\jre\jre\bin\java.dll
0x00007ff87ec50000 - 0x00007ff87ec66000 	C:\Program Files\Android\Android Studio\jre\jre\bin\zip.dll
0x00007ff884410000 - 0x00007ff884b4f000 	C:\WINDOWS\System32\SHELL32.dll
0x00007ff881160000 - 0x00007ff8818f0000 	C:\WINDOWS\SYSTEM32\windows.storage.dll
0x00007ff8853d0000 - 0x00007ff885725000 	C:\WINDOWS\System32\combase.dll
0x00007ff882e60000 - 0x00007ff882e8e000 	C:\WINDOWS\SYSTEM32\Wldp.dll
0x00007ff8840d0000 - 0x00007ff88417d000 	C:\WINDOWS\System32\SHCORE.dll
0x00007ff884b50000 - 0x00007ff884ba5000 	C:\WINDOWS\System32\shlwapi.dll
0x00007ff883350000 - 0x00007ff88336f000 	C:\WINDOWS\SYSTEM32\profapi.dll
0x00007ff8721f0000 - 0x00007ff87220a000 	C:\Program Files\Android\Android Studio\jre\jre\bin\net.dll
0x00007ff882bc0000 - 0x00007ff882c2a000 	C:\WINDOWS\system32\mswsock.dll
0x00007ff8721d0000 - 0x00007ff8721e3000 	C:\Program Files\Android\Android Studio\jre\jre\bin\nio.dll
0x00007ff87aaa0000 - 0x00007ff87aac7000 	C:\Users\hp probook 450g5\.gradle\native\f6784746aeab05261644944871eae4fe03e0ef1612fff0a4a95f87b438bc6780\windows-amd64\native-platform.dll
0x00007ff87ebe0000 - 0x00007ff87ebed000 	C:\Program Files\Android\Android Studio\jre\jre\bin\management.dll
0x00007ff882db0000 - 0x00007ff882dc8000 	C:\WINDOWS\SYSTEM32\CRYPTSP.dll
0x00007ff8824d0000 - 0x00007ff882504000 	C:\WINDOWS\system32\rsaenh.dll
0x00007ff883850000 - 0x00007ff883877000 	C:\WINDOWS\System32\bcrypt.dll
0x00007ff8832d0000 - 0x00007ff8832fe000 	C:\WINDOWS\SYSTEM32\USERENV.dll
0x00007ff883760000 - 0x00007ff8837e3000 	C:\WINDOWS\System32\bcryptprimitives.dll
0x00007ff882dd0000 - 0x00007ff882ddc000 	C:\WINDOWS\SYSTEM32\CRYPTBASE.dll
0x00007ff882860000 - 0x00007ff88289b000 	C:\WINDOWS\SYSTEM32\IPHLPAPI.DLL
0x00007ff883e70000 - 0x00007ff883e78000 	C:\WINDOWS\System32\NSI.dll
0x00007ff87e950000 - 0x00007ff87e967000 	C:\WINDOWS\SYSTEM32\dhcpcsvc6.DLL
0x00007ff87e930000 - 0x00007ff87e94d000 	C:\WINDOWS\SYSTEM32\dhcpcsvc.DLL
0x00007ff8828b0000 - 0x00007ff88297b000 	C:\WINDOWS\SYSTEM32\DNSAPI.dll
0x00007ff878740000 - 0x00007ff87874b000 	C:\WINDOWS\SYSTEM32\WINNSI.DLL

VM Arguments:
jvm_args: -Xmx1024m -Dfile.encoding=windows-1256 -Duser.country=US -Duser.language=en -Duser.variant 
java_command: org.gradle.launcher.daemon.bootstrap.GradleDaemon 6.5
java_class_path (initial): C:\Users\hp probook 450g5\.gradle\wrapper\dists\gradle-6.5-bin\6nifqtx7604sqp1q6g8wikw7p\gradle-6.5\lib\gradle-launcher-6.5.jar
Launcher Type: SUN_STANDARD

Environment Variables:
USERNAME=hp probook 450g5
OS=Windows_NT
PROCESSOR_IDENTIFIER=Intel64 Family 6 Model 142 Stepping 10, GenuineIntel



---------------  S Y S T E M  ---------------

OS: Windows 10.0 , 64 bit Build 19041 (10.0.19041.1348)

CPU:total 8 (initial active 8) (4 cores per cpu, 2 threads per core) family 6 model 142 stepping 10, cmov, cx8, fxsr, mmx, sse, sse2, sse3, ssse3, sse4.1, sse4.2, popcnt, avx, avx2, aes, clmul, erms, 3dnowpref, lzcnt, ht, tsc, tscinvbit, bmi1, bmi2, adx

Memory: 4k page, physical 8281300k(395792k free), swap 22794068k(4552k free)

vm_info: OpenJDK 64-Bit Server VM (25.242-b01) for windows-amd64 JRE (1.8.0_242-release-1644-b01), built by "builder" with MS VC++ 10.0 (VS2010)

time: Thu Dec 02 21:03:46 2021
timezone: West Bank Gaza Standard Time
elapsed time: 2 seconds (0d 0h 0m 2s)

